Vivado Simulator 2019.1
Copyright 1986-1999, 2001-2019 Xilinx, Inc. All Rights Reserved.
Running: D:/Xilinx/Vivado/2019.1/bin/unwrapped/win64.o/xelab.exe -wto 6480152094b84cc996f69c696f07eb4f --incr --debug typical --relax --mt 2 -L xil_defaultlib -L unisims_ver -L unimacro_ver -L secureip -L xpm --snapshot testbench_behav xil_defaultlib.testbench xil_defaultlib.glbl -log elaborate.log 
Using 2 slave threads.
Starting static elaboration
Completed static elaboration
Starting simulation data flow analysis
Completed simulation data flow analysis
Time Resolution for simulation is 1ps
Compiling package std.standard
Compiling package std.textio
Compiling package ieee.std_logic_1164
Compiling package ieee.std_logic_arith
Compiling package ieee.numeric_std
Compiling package unisim.vcomponents
Compiling package ieee.std_logic_signed
Compiling package ieee.vital_timing
Compiling package ieee.vital_primitives
Compiling package unisim.vpkg
Compiling package ieee.std_logic_unsigned
Compiling package ieee.std_logic_textio
Compiling module xil_defaultlib.glbl
Compiling architecture bufg_v of entity unisim.BUFG [bufg_default]
Compiling architecture ibuf_v of entity unisim.IBUF [\IBUF(1,9)(1,1)(1,4)(1,7)\]
Compiling architecture mmcme2_adv_v of entity unisim.MMCME2_ADV [\MMCME2_ADV(clkfbout_mult_f=10.0...]
Compiling architecture structure of entity xil_defaultlib.clk_wiz_0_clk_wiz_0_clk_wiz [clk_wiz_0_clk_wiz_0_clk_wiz_defa...]
Compiling architecture structure of entity xil_defaultlib.clk_wiz_0 [clk_wiz_0_default]
Compiling architecture behavioral of entity xil_defaultlib.pc [pc_default]
Compiling architecture behavioral of entity xil_defaultlib.a [a_default]
Compiling architecture behavioral of entity xil_defaultlib.c [c_default]
Compiling architecture behavioral of entity xil_defaultlib.alu [alu_default]
Compiling architecture behavioral of entity xil_defaultlib.shiftcounter [shiftcounter_default]
Compiling architecture behavioral of entity xil_defaultlib.regfile [regfile_default]
Compiling architecture behavioral of entity xil_defaultlib.ma [ma_default]
Compiling architecture behavioral of entity xil_defaultlib.md [md_default]
Compiling architecture behavioral of entity xil_defaultlib.ir [ir_default]
Compiling architecture behavioral of entity xil_defaultlib.conbit [conbit_default]
Compiling architecture behavioral of entity xil_defaultlib.controlstore [controlstore_default]
Compiling architecture behavioral of entity xil_defaultlib.control [control_default]
Compiling architecture structure of entity xil_defaultlib.rsrc [rsrc_default]
Compiling architecture behavioral of entity xil_defaultlib.eprom [eprom_default]
Compiling architecture behavioral of entity xil_defaultlib.sram [sram_default]
Compiling architecture gnd_v of entity unisim.GND [gnd_default]
Compiling architecture muxf7_v of entity unisim.MUXF7 [muxf7_default]
Compiling architecture lut6_v of entity unisim.LUT6 [\LUT6(init="10101111101000001100...]
Compiling architecture muxf8_v of entity unisim.MUXF8 [muxf8_default]
Compiling architecture fdre_v of entity unisim.FDRE [fdre_default]
Compiling architecture structure of entity xil_defaultlib.\blk_mem_gen_0_blk_mem_gen_mux__parameterized0\ [\blk_mem_gen_0_blk_mem_gen_mux__...]
Compiling architecture rb36_internal_vhdl_v of entity unisim.RB36_INTERNAL_VHDL [\RB36_INTERNAL_VHDL(doa_reg=1,do...]
Compiling architecture ramb36e1_v of entity unisim.RAMB36E1 [\RAMB36E1(doa_reg=1,dob_reg=1,re...]
Compiling architecture lut5_v of entity unisim.LUT5 [\LUT5(init="00000000000000010000...]
Compiling architecture structure of entity xil_defaultlib.blk_mem_gen_0_blk_mem_gen_prim_wrapper [blk_mem_gen_0_blk_mem_gen_prim_w...]
Compiling architecture structure of entity xil_defaultlib.blk_mem_gen_0_blk_mem_gen_prim_width [blk_mem_gen_0_blk_mem_gen_prim_w...]
Compiling architecture lut5_v of entity unisim.LUT5 [\LUT5(init="00000000000000100000...]
Compiling architecture lut5_v of entity unisim.LUT5 [\LUT5(init="00000000000100000000...]
Compiling architecture structure of entity xil_defaultlib.\blk_mem_gen_0_blk_mem_gen_prim_wrapper__parameterized99\ [\blk_mem_gen_0_blk_mem_gen_prim_...]
Compiling architecture structure of entity xil_defaultlib.\blk_mem_gen_0_blk_mem_gen_prim_width__parameterized99\ [\blk_mem_gen_0_blk_mem_gen_prim_...]
Compiling architecture lut5_v of entity unisim.LUT5 [\LUT5(init="00000000001000000000...]
Compiling architecture structure of entity xil_defaultlib.\blk_mem_gen_0_blk_mem_gen_prim_wrapper__parameterized100\ [\blk_mem_gen_0_blk_mem_gen_prim_...]
Compiling architecture structure of entity xil_defaultlib.\blk_mem_gen_0_blk_mem_gen_prim_width__parameterized100\ [\blk_mem_gen_0_blk_mem_gen_prim_...]
Compiling architecture lut5_v of entity unisim.LUT5 [\LUT5(init="00000000000010000000...]
Compiling architecture structure of entity xil_defaultlib.\blk_mem_gen_0_blk_mem_gen_prim_wrapper__parameterized101\ [\blk_mem_gen_0_blk_mem_gen_prim_...]
Compiling architecture structure of entity xil_defaultlib.\blk_mem_gen_0_blk_mem_gen_prim_width__parameterized101\ [\blk_mem_gen_0_blk_mem_gen_prim_...]
Compiling architecture lut5_v of entity unisim.LUT5 [\LUT5(init="00000000100000000000...]
Compiling architecture structure of entity xil_defaultlib.\blk_mem_gen_0_blk_mem_gen_prim_wrapper__parameterized102\ [\blk_mem_gen_0_blk_mem_gen_prim_...]
Compiling architecture structure of entity xil_defaultlib.\blk_mem_gen_0_blk_mem_gen_prim_width__parameterized102\ [\blk_mem_gen_0_blk_mem_gen_prim_...]
Compiling architecture lut3_v of entity unisim.LUT3 [\LUT3(init="01000000")(0,7)\]
Compiling architecture structure of entity xil_defaultlib.\blk_mem_gen_0_blk_mem_gen_prim_wrapper__parameterized103\ [\blk_mem_gen_0_blk_mem_gen_prim_...]
Compiling architecture structure of entity xil_defaultlib.\blk_mem_gen_0_blk_mem_gen_prim_width__parameterized103\ [\blk_mem_gen_0_blk_mem_gen_prim_...]
Compiling architecture structure of entity xil_defaultlib.\blk_mem_gen_0_blk_mem_gen_prim_wrapper__parameterized104\ [\blk_mem_gen_0_blk_mem_gen_prim_...]
Compiling architecture structure of entity xil_defaultlib.\blk_mem_gen_0_blk_mem_gen_prim_width__parameterized104\ [\blk_mem_gen_0_blk_mem_gen_prim_...]
Compiling architecture structure of entity xil_defaultlib.\blk_mem_gen_0_blk_mem_gen_prim_wrapper__parameterized105\ [\blk_mem_gen_0_blk_mem_gen_prim_...]
Compiling architecture structure of entity xil_defaultlib.\blk_mem_gen_0_blk_mem_gen_prim_width__parameterized105\ [\blk_mem_gen_0_blk_mem_gen_prim_...]
Compiling architecture structure of entity xil_defaultlib.\blk_mem_gen_0_blk_mem_gen_prim_wrapper__parameterized106\ [\blk_mem_gen_0_blk_mem_gen_prim_...]
Compiling architecture structure of entity xil_defaultlib.\blk_mem_gen_0_blk_mem_gen_prim_width__parameterized106\ [\blk_mem_gen_0_blk_mem_gen_prim_...]
Compiling architecture lut5_v of entity unisim.LUT5 [\LUT5(init="00010000000000000000...]
Compiling architecture structure of entity xil_defaultlib.\blk_mem_gen_0_blk_mem_gen_prim_wrapper__parameterized107\ [\blk_mem_gen_0_blk_mem_gen_prim_...]
Compiling architecture structure of entity xil_defaultlib.\blk_mem_gen_0_blk_mem_gen_prim_width__parameterized107\ [\blk_mem_gen_0_blk_mem_gen_prim_...]
Compiling architecture lut5_v of entity unisim.LUT5 [\LUT5(init="00100000000000000000...]
Compiling architecture structure of entity xil_defaultlib.\blk_mem_gen_0_blk_mem_gen_prim_wrapper__parameterized108\ [\blk_mem_gen_0_blk_mem_gen_prim_...]
Compiling architecture structure of entity xil_defaultlib.\blk_mem_gen_0_blk_mem_gen_prim_width__parameterized108\ [\blk_mem_gen_0_blk_mem_gen_prim_...]
Compiling architecture structure of entity xil_defaultlib.\blk_mem_gen_0_blk_mem_gen_prim_wrapper__parameterized9\ [\blk_mem_gen_0_blk_mem_gen_prim_...]
Compiling architecture structure of entity xil_defaultlib.\blk_mem_gen_0_blk_mem_gen_prim_width__parameterized9\ [\blk_mem_gen_0_blk_mem_gen_prim_...]
Compiling architecture structure of entity xil_defaultlib.\blk_mem_gen_0_blk_mem_gen_prim_wrapper__parameterized109\ [\blk_mem_gen_0_blk_mem_gen_prim_...]
Compiling architecture structure of entity xil_defaultlib.\blk_mem_gen_0_blk_mem_gen_prim_width__parameterized109\ [\blk_mem_gen_0_blk_mem_gen_prim_...]
Compiling architecture lut5_v of entity unisim.LUT5 [\LUT5(init="10000000000000000000...]
Compiling architecture structure of entity xil_defaultlib.\blk_mem_gen_0_blk_mem_gen_prim_wrapper__parameterized110\ [\blk_mem_gen_0_blk_mem_gen_prim_...]
Compiling architecture structure of entity xil_defaultlib.\blk_mem_gen_0_blk_mem_gen_prim_width__parameterized110\ [\blk_mem_gen_0_blk_mem_gen_prim_...]
Compiling architecture structure of entity xil_defaultlib.\blk_mem_gen_0_blk_mem_gen_prim_wrapper__parameterized111\ [\blk_mem_gen_0_blk_mem_gen_prim_...]
Compiling architecture structure of entity xil_defaultlib.\blk_mem_gen_0_blk_mem_gen_prim_width__parameterized111\ [\blk_mem_gen_0_blk_mem_gen_prim_...]
Compiling architecture structure of entity xil_defaultlib.\blk_mem_gen_0_blk_mem_gen_prim_wrapper__parameterized112\ [\blk_mem_gen_0_blk_mem_gen_prim_...]
Compiling architecture structure of entity xil_defaultlib.\blk_mem_gen_0_blk_mem_gen_prim_width__parameterized112\ [\blk_mem_gen_0_blk_mem_gen_prim_...]
Compiling architecture structure of entity xil_defaultlib.\blk_mem_gen_0_blk_mem_gen_prim_wrapper__parameterized113\ [\blk_mem_gen_0_blk_mem_gen_prim_...]
Compiling architecture structure of entity xil_defaultlib.\blk_mem_gen_0_blk_mem_gen_prim_width__parameterized113\ [\blk_mem_gen_0_blk_mem_gen_prim_...]
Compiling architecture structure of entity xil_defaultlib.\blk_mem_gen_0_blk_mem_gen_prim_wrapper__parameterized114\ [\blk_mem_gen_0_blk_mem_gen_prim_...]
Compiling architecture structure of entity xil_defaultlib.\blk_mem_gen_0_blk_mem_gen_prim_width__parameterized114\ [\blk_mem_gen_0_blk_mem_gen_prim_...]
Compiling architecture structure of entity xil_defaultlib.\blk_mem_gen_0_blk_mem_gen_prim_wrapper__parameterized115\ [\blk_mem_gen_0_blk_mem_gen_prim_...]
Compiling architecture structure of entity xil_defaultlib.\blk_mem_gen_0_blk_mem_gen_prim_width__parameterized115\ [\blk_mem_gen_0_blk_mem_gen_prim_...]
Compiling architecture structure of entity xil_defaultlib.\blk_mem_gen_0_blk_mem_gen_prim_wrapper__parameterized116\ [\blk_mem_gen_0_blk_mem_gen_prim_...]
Compiling architecture structure of entity xil_defaultlib.\blk_mem_gen_0_blk_mem_gen_prim_width__parameterized116\ [\blk_mem_gen_0_blk_mem_gen_prim_...]
Compiling architecture structure of entity xil_defaultlib.\blk_mem_gen_0_blk_mem_gen_prim_wrapper__parameterized117\ [\blk_mem_gen_0_blk_mem_gen_prim_...]
Compiling architecture structure of entity xil_defaultlib.\blk_mem_gen_0_blk_mem_gen_prim_width__parameterized117\ [\blk_mem_gen_0_blk_mem_gen_prim_...]
Compiling architecture structure of entity xil_defaultlib.\blk_mem_gen_0_blk_mem_gen_prim_wrapper__parameterized118\ [\blk_mem_gen_0_blk_mem_gen_prim_...]
Compiling architecture structure of entity xil_defaultlib.\blk_mem_gen_0_blk_mem_gen_prim_width__parameterized118\ [\blk_mem_gen_0_blk_mem_gen_prim_...]
Compiling architecture structure of entity xil_defaultlib.\blk_mem_gen_0_blk_mem_gen_prim_wrapper__parameterized10\ [\blk_mem_gen_0_blk_mem_gen_prim_...]
Compiling architecture structure of entity xil_defaultlib.\blk_mem_gen_0_blk_mem_gen_prim_width__parameterized10\ [\blk_mem_gen_0_blk_mem_gen_prim_...]
Compiling architecture structure of entity xil_defaultlib.\blk_mem_gen_0_blk_mem_gen_prim_wrapper__parameterized119\ [\blk_mem_gen_0_blk_mem_gen_prim_...]
Compiling architecture structure of entity xil_defaultlib.\blk_mem_gen_0_blk_mem_gen_prim_width__parameterized119\ [\blk_mem_gen_0_blk_mem_gen_prim_...]
Compiling architecture structure of entity xil_defaultlib.\blk_mem_gen_0_blk_mem_gen_prim_wrapper__parameterized120\ [\blk_mem_gen_0_blk_mem_gen_prim_...]
Compiling architecture structure of entity xil_defaultlib.\blk_mem_gen_0_blk_mem_gen_prim_width__parameterized120\ [\blk_mem_gen_0_blk_mem_gen_prim_...]
Compiling architecture structure of entity xil_defaultlib.\blk_mem_gen_0_blk_mem_gen_prim_wrapper__parameterized121\ [\blk_mem_gen_0_blk_mem_gen_prim_...]
Compiling architecture structure of entity xil_defaultlib.\blk_mem_gen_0_blk_mem_gen_prim_width__parameterized121\ [\blk_mem_gen_0_blk_mem_gen_prim_...]
Compiling architecture structure of entity xil_defaultlib.\blk_mem_gen_0_blk_mem_gen_prim_wrapper__parameterized122\ [\blk_mem_gen_0_blk_mem_gen_prim_...]
Compiling architecture structure of entity xil_defaultlib.\blk_mem_gen_0_blk_mem_gen_prim_width__parameterized122\ [\blk_mem_gen_0_blk_mem_gen_prim_...]
Compiling architecture structure of entity xil_defaultlib.\blk_mem_gen_0_blk_mem_gen_prim_wrapper__parameterized123\ [\blk_mem_gen_0_blk_mem_gen_prim_...]
Compiling architecture structure of entity xil_defaultlib.\blk_mem_gen_0_blk_mem_gen_prim_width__parameterized123\ [\blk_mem_gen_0_blk_mem_gen_prim_...]
Compiling architecture structure of entity xil_defaultlib.\blk_mem_gen_0_blk_mem_gen_prim_wrapper__parameterized124\ [\blk_mem_gen_0_blk_mem_gen_prim_...]
Compiling architecture structure of entity xil_defaultlib.\blk_mem_gen_0_blk_mem_gen_prim_width__parameterized124\ [\blk_mem_gen_0_blk_mem_gen_prim_...]
Compiling architecture lut4_v of entity unisim.LUT4 [\LUT4(init="0000100000000000")(0...]
Compiling architecture structure of entity xil_defaultlib.\blk_mem_gen_0_blk_mem_gen_prim_wrapper__parameterized125\ [\blk_mem_gen_0_blk_mem_gen_prim_...]
Compiling architecture structure of entity xil_defaultlib.\blk_mem_gen_0_blk_mem_gen_prim_width__parameterized125\ [\blk_mem_gen_0_blk_mem_gen_prim_...]
Compiling architecture lut4_v of entity unisim.LUT4 [\LUT4(init="1000000000000000")(0...]
Compiling architecture lut3_v of entity unisim.LUT3 [\LUT3(init="10000000")(0,7)\]
Compiling architecture structure of entity xil_defaultlib.\blk_mem_gen_0_blk_mem_gen_prim_wrapper__parameterized126\ [\blk_mem_gen_0_blk_mem_gen_prim_...]
Compiling architecture structure of entity xil_defaultlib.\blk_mem_gen_0_blk_mem_gen_prim_width__parameterized126\ [\blk_mem_gen_0_blk_mem_gen_prim_...]
Compiling architecture structure of entity xil_defaultlib.\blk_mem_gen_0_blk_mem_gen_prim_wrapper__parameterized11\ [\blk_mem_gen_0_blk_mem_gen_prim_...]
Compiling architecture structure of entity xil_defaultlib.\blk_mem_gen_0_blk_mem_gen_prim_width__parameterized11\ [\blk_mem_gen_0_blk_mem_gen_prim_...]
Compiling architecture structure of entity xil_defaultlib.\blk_mem_gen_0_blk_mem_gen_prim_wrapper__parameterized12\ [\blk_mem_gen_0_blk_mem_gen_prim_...]
Compiling architecture structure of entity xil_defaultlib.\blk_mem_gen_0_blk_mem_gen_prim_width__parameterized12\ [\blk_mem_gen_0_blk_mem_gen_prim_...]
Compiling architecture structure of entity xil_defaultlib.\blk_mem_gen_0_blk_mem_gen_prim_wrapper__parameterized13\ [\blk_mem_gen_0_blk_mem_gen_prim_...]
Compiling architecture structure of entity xil_defaultlib.\blk_mem_gen_0_blk_mem_gen_prim_width__parameterized13\ [\blk_mem_gen_0_blk_mem_gen_prim_...]
Compiling architecture structure of entity xil_defaultlib.\blk_mem_gen_0_blk_mem_gen_prim_wrapper__parameterized14\ [\blk_mem_gen_0_blk_mem_gen_prim_...]
Compiling architecture structure of entity xil_defaultlib.\blk_mem_gen_0_blk_mem_gen_prim_width__parameterized14\ [\blk_mem_gen_0_blk_mem_gen_prim_...]
Compiling architecture structure of entity xil_defaultlib.\blk_mem_gen_0_blk_mem_gen_prim_wrapper__parameterized15\ [\blk_mem_gen_0_blk_mem_gen_prim_...]
Compiling architecture structure of entity xil_defaultlib.\blk_mem_gen_0_blk_mem_gen_prim_width__parameterized15\ [\blk_mem_gen_0_blk_mem_gen_prim_...]
Compiling architecture structure of entity xil_defaultlib.\blk_mem_gen_0_blk_mem_gen_prim_wrapper__parameterized16\ [\blk_mem_gen_0_blk_mem_gen_prim_...]
Compiling architecture structure of entity xil_defaultlib.\blk_mem_gen_0_blk_mem_gen_prim_width__parameterized16\ [\blk_mem_gen_0_blk_mem_gen_prim_...]
Compiling architecture structure of entity xil_defaultlib.\blk_mem_gen_0_blk_mem_gen_prim_wrapper__parameterized17\ [\blk_mem_gen_0_blk_mem_gen_prim_...]
Compiling architecture structure of entity xil_defaultlib.\blk_mem_gen_0_blk_mem_gen_prim_width__parameterized17\ [\blk_mem_gen_0_blk_mem_gen_prim_...]
Compiling architecture structure of entity xil_defaultlib.\blk_mem_gen_0_blk_mem_gen_prim_wrapper__parameterized18\ [\blk_mem_gen_0_blk_mem_gen_prim_...]
Compiling architecture structure of entity xil_defaultlib.\blk_mem_gen_0_blk_mem_gen_prim_width__parameterized18\ [\blk_mem_gen_0_blk_mem_gen_prim_...]
Compiling architecture structure of entity xil_defaultlib.\blk_mem_gen_0_blk_mem_gen_prim_wrapper__parameterized0\ [\blk_mem_gen_0_blk_mem_gen_prim_...]
Compiling architecture structure of entity xil_defaultlib.\blk_mem_gen_0_blk_mem_gen_prim_width__parameterized0\ [\blk_mem_gen_0_blk_mem_gen_prim_...]
Compiling architecture lut4_v of entity unisim.LUT4 [\LUT4(init="0000000100000000")(0...]
Compiling architecture structure of entity xil_defaultlib.\blk_mem_gen_0_blk_mem_gen_prim_wrapper__parameterized19\ [\blk_mem_gen_0_blk_mem_gen_prim_...]
Compiling architecture structure of entity xil_defaultlib.\blk_mem_gen_0_blk_mem_gen_prim_width__parameterized19\ [\blk_mem_gen_0_blk_mem_gen_prim_...]
Compiling architecture structure of entity xil_defaultlib.\blk_mem_gen_0_blk_mem_gen_prim_wrapper__parameterized20\ [\blk_mem_gen_0_blk_mem_gen_prim_...]
Compiling architecture structure of entity xil_defaultlib.\blk_mem_gen_0_blk_mem_gen_prim_width__parameterized20\ [\blk_mem_gen_0_blk_mem_gen_prim_...]
Compiling architecture structure of entity xil_defaultlib.\blk_mem_gen_0_blk_mem_gen_prim_wrapper__parameterized21\ [\blk_mem_gen_0_blk_mem_gen_prim_...]
Compiling architecture structure of entity xil_defaultlib.\blk_mem_gen_0_blk_mem_gen_prim_width__parameterized21\ [\blk_mem_gen_0_blk_mem_gen_prim_...]
Compiling architecture structure of entity xil_defaultlib.\blk_mem_gen_0_blk_mem_gen_prim_wrapper__parameterized22\ [\blk_mem_gen_0_blk_mem_gen_prim_...]
Compiling architecture structure of entity xil_defaultlib.\blk_mem_gen_0_blk_mem_gen_prim_width__parameterized22\ [\blk_mem_gen_0_blk_mem_gen_prim_...]
Compiling architecture lut3_v of entity unisim.LUT3 [\LUT3(init="00000100")(0,7)\]
Compiling architecture structure of entity xil_defaultlib.\blk_mem_gen_0_blk_mem_gen_prim_wrapper__parameterized23\ [\blk_mem_gen_0_blk_mem_gen_prim_...]
Compiling architecture structure of entity xil_defaultlib.\blk_mem_gen_0_blk_mem_gen_prim_width__parameterized23\ [\blk_mem_gen_0_blk_mem_gen_prim_...]
Compiling architecture structure of entity xil_defaultlib.\blk_mem_gen_0_blk_mem_gen_prim_wrapper__parameterized24\ [\blk_mem_gen_0_blk_mem_gen_prim_...]
Compiling architecture structure of entity xil_defaultlib.\blk_mem_gen_0_blk_mem_gen_prim_width__parameterized24\ [\blk_mem_gen_0_blk_mem_gen_prim_...]
Compiling architecture structure of entity xil_defaultlib.\blk_mem_gen_0_blk_mem_gen_prim_wrapper__parameterized25\ [\blk_mem_gen_0_blk_mem_gen_prim_...]
Compiling architecture structure of entity xil_defaultlib.\blk_mem_gen_0_blk_mem_gen_prim_width__parameterized25\ [\blk_mem_gen_0_blk_mem_gen_prim_...]
Compiling architecture structure of entity xil_defaultlib.\blk_mem_gen_0_blk_mem_gen_prim_wrapper__parameterized26\ [\blk_mem_gen_0_blk_mem_gen_prim_...]
Compiling architecture structure of entity xil_defaultlib.\blk_mem_gen_0_blk_mem_gen_prim_width__parameterized26\ [\blk_mem_gen_0_blk_mem_gen_prim_...]
Compiling architecture structure of entity xil_defaultlib.\blk_mem_gen_0_blk_mem_gen_prim_wrapper__parameterized27\ [\blk_mem_gen_0_blk_mem_gen_prim_...]
Compiling architecture structure of entity xil_defaultlib.\blk_mem_gen_0_blk_mem_gen_prim_width__parameterized27\ [\blk_mem_gen_0_blk_mem_gen_prim_...]
Compiling architecture structure of entity xil_defaultlib.\blk_mem_gen_0_blk_mem_gen_prim_wrapper__parameterized28\ [\blk_mem_gen_0_blk_mem_gen_prim_...]
Compiling architecture structure of entity xil_defaultlib.\blk_mem_gen_0_blk_mem_gen_prim_width__parameterized28\ [\blk_mem_gen_0_blk_mem_gen_prim_...]
Compiling architecture structure of entity xil_defaultlib.\blk_mem_gen_0_blk_mem_gen_prim_wrapper__parameterized1\ [\blk_mem_gen_0_blk_mem_gen_prim_...]
Compiling architecture structure of entity xil_defaultlib.\blk_mem_gen_0_blk_mem_gen_prim_width__parameterized1\ [\blk_mem_gen_0_blk_mem_gen_prim_...]
Compiling architecture structure of entity xil_defaultlib.\blk_mem_gen_0_blk_mem_gen_prim_wrapper__parameterized29\ [\blk_mem_gen_0_blk_mem_gen_prim_...]
Compiling architecture structure of entity xil_defaultlib.\blk_mem_gen_0_blk_mem_gen_prim_width__parameterized29\ [\blk_mem_gen_0_blk_mem_gen_prim_...]
Compiling architecture lut4_v of entity unisim.LUT4 [\LUT4(init="0001000000000000")(0...]
Compiling architecture structure of entity xil_defaultlib.\blk_mem_gen_0_blk_mem_gen_prim_wrapper__parameterized30\ [\blk_mem_gen_0_blk_mem_gen_prim_...]
Compiling architecture structure of entity xil_defaultlib.\blk_mem_gen_0_blk_mem_gen_prim_width__parameterized30\ [\blk_mem_gen_0_blk_mem_gen_prim_...]
Compiling architecture structure of entity xil_defaultlib.\blk_mem_gen_0_blk_mem_gen_prim_wrapper__parameterized31\ [\blk_mem_gen_0_blk_mem_gen_prim_...]
Compiling architecture structure of entity xil_defaultlib.\blk_mem_gen_0_blk_mem_gen_prim_width__parameterized31\ [\blk_mem_gen_0_blk_mem_gen_prim_...]
Compiling architecture structure of entity xil_defaultlib.\blk_mem_gen_0_blk_mem_gen_prim_wrapper__parameterized32\ [\blk_mem_gen_0_blk_mem_gen_prim_...]
Compiling architecture structure of entity xil_defaultlib.\blk_mem_gen_0_blk_mem_gen_prim_width__parameterized32\ [\blk_mem_gen_0_blk_mem_gen_prim_...]
Compiling architecture structure of entity xil_defaultlib.\blk_mem_gen_0_blk_mem_gen_prim_wrapper__parameterized33\ [\blk_mem_gen_0_blk_mem_gen_prim_...]
Compiling architecture structure of entity xil_defaultlib.\blk_mem_gen_0_blk_mem_gen_prim_width__parameterized33\ [\blk_mem_gen_0_blk_mem_gen_prim_...]
Compiling architecture structure of entity xil_defaultlib.\blk_mem_gen_0_blk_mem_gen_prim_wrapper__parameterized34\ [\blk_mem_gen_0_blk_mem_gen_prim_...]
Compiling architecture structure of entity xil_defaultlib.\blk_mem_gen_0_blk_mem_gen_prim_width__parameterized34\ [\blk_mem_gen_0_blk_mem_gen_prim_...]
Compiling architecture structure of entity xil_defaultlib.\blk_mem_gen_0_blk_mem_gen_prim_wrapper__parameterized35\ [\blk_mem_gen_0_blk_mem_gen_prim_...]
Compiling architecture structure of entity xil_defaultlib.\blk_mem_gen_0_blk_mem_gen_prim_width__parameterized35\ [\blk_mem_gen_0_blk_mem_gen_prim_...]
Compiling architecture structure of entity xil_defaultlib.\blk_mem_gen_0_blk_mem_gen_prim_wrapper__parameterized36\ [\blk_mem_gen_0_blk_mem_gen_prim_...]
Compiling architecture structure of entity xil_defaultlib.\blk_mem_gen_0_blk_mem_gen_prim_width__parameterized36\ [\blk_mem_gen_0_blk_mem_gen_prim_...]
Compiling architecture structure of entity xil_defaultlib.\blk_mem_gen_0_blk_mem_gen_prim_wrapper__parameterized37\ [\blk_mem_gen_0_blk_mem_gen_prim_...]
Compiling architecture structure of entity xil_defaultlib.\blk_mem_gen_0_blk_mem_gen_prim_width__parameterized37\ [\blk_mem_gen_0_blk_mem_gen_prim_...]
Compiling architecture structure of entity xil_defaultlib.\blk_mem_gen_0_blk_mem_gen_prim_wrapper__parameterized38\ [\blk_mem_gen_0_blk_mem_gen_prim_...]
Compiling architecture structure of entity xil_defaultlib.\blk_mem_gen_0_blk_mem_gen_prim_width__parameterized38\ [\blk_mem_gen_0_blk_mem_gen_prim_...]
Compiling architecture structure of entity xil_defaultlib.\blk_mem_gen_0_blk_mem_gen_prim_wrapper__parameterized2\ [\blk_mem_gen_0_blk_mem_gen_prim_...]
Compiling architecture structure of entity xil_defaultlib.\blk_mem_gen_0_blk_mem_gen_prim_width__parameterized2\ [\blk_mem_gen_0_blk_mem_gen_prim_...]
Compiling architecture structure of entity xil_defaultlib.\blk_mem_gen_0_blk_mem_gen_prim_wrapper__parameterized39\ [\blk_mem_gen_0_blk_mem_gen_prim_...]
Compiling architecture structure of entity xil_defaultlib.\blk_mem_gen_0_blk_mem_gen_prim_width__parameterized39\ [\blk_mem_gen_0_blk_mem_gen_prim_...]
Compiling architecture structure of entity xil_defaultlib.\blk_mem_gen_0_blk_mem_gen_prim_wrapper__parameterized40\ [\blk_mem_gen_0_blk_mem_gen_prim_...]
Compiling architecture structure of entity xil_defaultlib.\blk_mem_gen_0_blk_mem_gen_prim_width__parameterized40\ [\blk_mem_gen_0_blk_mem_gen_prim_...]
Compiling architecture structure of entity xil_defaultlib.\blk_mem_gen_0_blk_mem_gen_prim_wrapper__parameterized41\ [\blk_mem_gen_0_blk_mem_gen_prim_...]
Compiling architecture structure of entity xil_defaultlib.\blk_mem_gen_0_blk_mem_gen_prim_width__parameterized41\ [\blk_mem_gen_0_blk_mem_gen_prim_...]
Compiling architecture structure of entity xil_defaultlib.\blk_mem_gen_0_blk_mem_gen_prim_wrapper__parameterized42\ [\blk_mem_gen_0_blk_mem_gen_prim_...]
Compiling architecture structure of entity xil_defaultlib.\blk_mem_gen_0_blk_mem_gen_prim_width__parameterized42\ [\blk_mem_gen_0_blk_mem_gen_prim_...]
Compiling architecture structure of entity xil_defaultlib.\blk_mem_gen_0_blk_mem_gen_prim_wrapper__parameterized43\ [\blk_mem_gen_0_blk_mem_gen_prim_...]
Compiling architecture structure of entity xil_defaultlib.\blk_mem_gen_0_blk_mem_gen_prim_width__parameterized43\ [\blk_mem_gen_0_blk_mem_gen_prim_...]
Compiling architecture structure of entity xil_defaultlib.\blk_mem_gen_0_blk_mem_gen_prim_wrapper__parameterized44\ [\blk_mem_gen_0_blk_mem_gen_prim_...]
Compiling architecture structure of entity xil_defaultlib.\blk_mem_gen_0_blk_mem_gen_prim_width__parameterized44\ [\blk_mem_gen_0_blk_mem_gen_prim_...]
Compiling architecture structure of entity xil_defaultlib.\blk_mem_gen_0_blk_mem_gen_prim_wrapper__parameterized45\ [\blk_mem_gen_0_blk_mem_gen_prim_...]
Compiling architecture structure of entity xil_defaultlib.\blk_mem_gen_0_blk_mem_gen_prim_width__parameterized45\ [\blk_mem_gen_0_blk_mem_gen_prim_...]
Compiling architecture structure of entity xil_defaultlib.\blk_mem_gen_0_blk_mem_gen_prim_wrapper__parameterized46\ [\blk_mem_gen_0_blk_mem_gen_prim_...]
Compiling architecture structure of entity xil_defaultlib.\blk_mem_gen_0_blk_mem_gen_prim_width__parameterized46\ [\blk_mem_gen_0_blk_mem_gen_prim_...]
Compiling architecture structure of entity xil_defaultlib.\blk_mem_gen_0_blk_mem_gen_prim_wrapper__parameterized47\ [\blk_mem_gen_0_blk_mem_gen_prim_...]
Compiling architecture structure of entity xil_defaultlib.\blk_mem_gen_0_blk_mem_gen_prim_width__parameterized47\ [\blk_mem_gen_0_blk_mem_gen_prim_...]
Compiling architecture structure of entity xil_defaultlib.\blk_mem_gen_0_blk_mem_gen_prim_wrapper__parameterized48\ [\blk_mem_gen_0_blk_mem_gen_prim_...]
Compiling architecture structure of entity xil_defaultlib.\blk_mem_gen_0_blk_mem_gen_prim_width__parameterized48\ [\blk_mem_gen_0_blk_mem_gen_prim_...]
Compiling architecture structure of entity xil_defaultlib.\blk_mem_gen_0_blk_mem_gen_prim_wrapper__parameterized3\ [\blk_mem_gen_0_blk_mem_gen_prim_...]
Compiling architecture structure of entity xil_defaultlib.\blk_mem_gen_0_blk_mem_gen_prim_width__parameterized3\ [\blk_mem_gen_0_blk_mem_gen_prim_...]
Compiling architecture structure of entity xil_defaultlib.\blk_mem_gen_0_blk_mem_gen_prim_wrapper__parameterized49\ [\blk_mem_gen_0_blk_mem_gen_prim_...]
Compiling architecture structure of entity xil_defaultlib.\blk_mem_gen_0_blk_mem_gen_prim_width__parameterized49\ [\blk_mem_gen_0_blk_mem_gen_prim_...]
Compiling architecture structure of entity xil_defaultlib.\blk_mem_gen_0_blk_mem_gen_prim_wrapper__parameterized50\ [\blk_mem_gen_0_blk_mem_gen_prim_...]
Compiling architecture structure of entity xil_defaultlib.\blk_mem_gen_0_blk_mem_gen_prim_width__parameterized50\ [\blk_mem_gen_0_blk_mem_gen_prim_...]
Compiling architecture lut4_v of entity unisim.LUT4 [\LUT4(init="0000010000000000")(0...]
Compiling architecture structure of entity xil_defaultlib.\blk_mem_gen_0_blk_mem_gen_prim_wrapper__parameterized51\ [\blk_mem_gen_0_blk_mem_gen_prim_...]
Compiling architecture structure of entity xil_defaultlib.\blk_mem_gen_0_blk_mem_gen_prim_width__parameterized51\ [\blk_mem_gen_0_blk_mem_gen_prim_...]
Compiling architecture structure of entity xil_defaultlib.\blk_mem_gen_0_blk_mem_gen_prim_wrapper__parameterized52\ [\blk_mem_gen_0_blk_mem_gen_prim_...]
Compiling architecture structure of entity xil_defaultlib.\blk_mem_gen_0_blk_mem_gen_prim_width__parameterized52\ [\blk_mem_gen_0_blk_mem_gen_prim_...]
Compiling architecture structure of entity xil_defaultlib.\blk_mem_gen_0_blk_mem_gen_prim_wrapper__parameterized53\ [\blk_mem_gen_0_blk_mem_gen_prim_...]
Compiling architecture structure of entity xil_defaultlib.\blk_mem_gen_0_blk_mem_gen_prim_width__parameterized53\ [\blk_mem_gen_0_blk_mem_gen_prim_...]
Compiling architecture structure of entity xil_defaultlib.\blk_mem_gen_0_blk_mem_gen_prim_wrapper__parameterized54\ [\blk_mem_gen_0_blk_mem_gen_prim_...]
Compiling architecture structure of entity xil_defaultlib.\blk_mem_gen_0_blk_mem_gen_prim_width__parameterized54\ [\blk_mem_gen_0_blk_mem_gen_prim_...]
Compiling architecture structure of entity xil_defaultlib.\blk_mem_gen_0_blk_mem_gen_prim_wrapper__parameterized55\ [\blk_mem_gen_0_blk_mem_gen_prim_...]
Compiling architecture structure of entity xil_defaultlib.\blk_mem_gen_0_blk_mem_gen_prim_width__parameterized55\ [\blk_mem_gen_0_blk_mem_gen_prim_...]
Compiling architecture structure of entity xil_defaultlib.\blk_mem_gen_0_blk_mem_gen_prim_wrapper__parameterized56\ [\blk_mem_gen_0_blk_mem_gen_prim_...]
Compiling architecture structure of entity xil_defaultlib.\blk_mem_gen_0_blk_mem_gen_prim_width__parameterized56\ [\blk_mem_gen_0_blk_mem_gen_prim_...]
Compiling architecture structure of entity xil_defaultlib.\blk_mem_gen_0_blk_mem_gen_prim_wrapper__parameterized57\ [\blk_mem_gen_0_blk_mem_gen_prim_...]
Compiling architecture structure of entity xil_defaultlib.\blk_mem_gen_0_blk_mem_gen_prim_width__parameterized57\ [\blk_mem_gen_0_blk_mem_gen_prim_...]
Compiling architecture structure of entity xil_defaultlib.\blk_mem_gen_0_blk_mem_gen_prim_wrapper__parameterized58\ [\blk_mem_gen_0_blk_mem_gen_prim_...]
Compiling architecture structure of entity xil_defaultlib.\blk_mem_gen_0_blk_mem_gen_prim_width__parameterized58\ [\blk_mem_gen_0_blk_mem_gen_prim_...]
Compiling architecture structure of entity xil_defaultlib.\blk_mem_gen_0_blk_mem_gen_prim_wrapper__parameterized4\ [\blk_mem_gen_0_blk_mem_gen_prim_...]
Compiling architecture structure of entity xil_defaultlib.\blk_mem_gen_0_blk_mem_gen_prim_width__parameterized4\ [\blk_mem_gen_0_blk_mem_gen_prim_...]
Compiling architecture structure of entity xil_defaultlib.\blk_mem_gen_0_blk_mem_gen_prim_wrapper__parameterized59\ [\blk_mem_gen_0_blk_mem_gen_prim_...]
Compiling architecture structure of entity xil_defaultlib.\blk_mem_gen_0_blk_mem_gen_prim_width__parameterized59\ [\blk_mem_gen_0_blk_mem_gen_prim_...]
Compiling architecture structure of entity xil_defaultlib.\blk_mem_gen_0_blk_mem_gen_prim_wrapper__parameterized60\ [\blk_mem_gen_0_blk_mem_gen_prim_...]
Compiling architecture structure of entity xil_defaultlib.\blk_mem_gen_0_blk_mem_gen_prim_width__parameterized60\ [\blk_mem_gen_0_blk_mem_gen_prim_...]
Compiling architecture structure of entity xil_defaultlib.\blk_mem_gen_0_blk_mem_gen_prim_wrapper__parameterized61\ [\blk_mem_gen_0_blk_mem_gen_prim_...]
Compiling architecture structure of entity xil_defaultlib.\blk_mem_gen_0_blk_mem_gen_prim_width__parameterized61\ [\blk_mem_gen_0_blk_mem_gen_prim_...]
Compiling architecture lut4_v of entity unisim.LUT4 [\LUT4(init="0100000000000000")(0...]
Compiling architecture lut3_v of entity unisim.LUT3 [\LUT3(init="00001000")(0,7)\]
Compiling architecture structure of entity xil_defaultlib.\blk_mem_gen_0_blk_mem_gen_prim_wrapper__parameterized62\ [\blk_mem_gen_0_blk_mem_gen_prim_...]
Compiling architecture structure of entity xil_defaultlib.\blk_mem_gen_0_blk_mem_gen_prim_width__parameterized62\ [\blk_mem_gen_0_blk_mem_gen_prim_...]
Compiling architecture structure of entity xil_defaultlib.\blk_mem_gen_0_blk_mem_gen_prim_wrapper__parameterized63\ [\blk_mem_gen_0_blk_mem_gen_prim_...]
Compiling architecture structure of entity xil_defaultlib.\blk_mem_gen_0_blk_mem_gen_prim_width__parameterized63\ [\blk_mem_gen_0_blk_mem_gen_prim_...]
Compiling architecture structure of entity xil_defaultlib.\blk_mem_gen_0_blk_mem_gen_prim_wrapper__parameterized64\ [\blk_mem_gen_0_blk_mem_gen_prim_...]
Compiling architecture structure of entity xil_defaultlib.\blk_mem_gen_0_blk_mem_gen_prim_width__parameterized64\ [\blk_mem_gen_0_blk_mem_gen_prim_...]
Compiling architecture structure of entity xil_defaultlib.\blk_mem_gen_0_blk_mem_gen_prim_wrapper__parameterized65\ [\blk_mem_gen_0_blk_mem_gen_prim_...]
Compiling architecture structure of entity xil_defaultlib.\blk_mem_gen_0_blk_mem_gen_prim_width__parameterized65\ [\blk_mem_gen_0_blk_mem_gen_prim_...]
Compiling architecture structure of entity xil_defaultlib.\blk_mem_gen_0_blk_mem_gen_prim_wrapper__parameterized66\ [\blk_mem_gen_0_blk_mem_gen_prim_...]
Compiling architecture structure of entity xil_defaultlib.\blk_mem_gen_0_blk_mem_gen_prim_width__parameterized66\ [\blk_mem_gen_0_blk_mem_gen_prim_...]
Compiling architecture structure of entity xil_defaultlib.\blk_mem_gen_0_blk_mem_gen_prim_wrapper__parameterized67\ [\blk_mem_gen_0_blk_mem_gen_prim_...]
Compiling architecture structure of entity xil_defaultlib.\blk_mem_gen_0_blk_mem_gen_prim_width__parameterized67\ [\blk_mem_gen_0_blk_mem_gen_prim_...]
Compiling architecture structure of entity xil_defaultlib.\blk_mem_gen_0_blk_mem_gen_prim_wrapper__parameterized68\ [\blk_mem_gen_0_blk_mem_gen_prim_...]
Compiling architecture structure of entity xil_defaultlib.\blk_mem_gen_0_blk_mem_gen_prim_width__parameterized68\ [\blk_mem_gen_0_blk_mem_gen_prim_...]
Compiling architecture structure of entity xil_defaultlib.\blk_mem_gen_0_blk_mem_gen_prim_wrapper__parameterized5\ [\blk_mem_gen_0_blk_mem_gen_prim_...]
Compiling architecture structure of entity xil_defaultlib.\blk_mem_gen_0_blk_mem_gen_prim_width__parameterized5\ [\blk_mem_gen_0_blk_mem_gen_prim_...]
Compiling architecture structure of entity xil_defaultlib.\blk_mem_gen_0_blk_mem_gen_prim_wrapper__parameterized69\ [\blk_mem_gen_0_blk_mem_gen_prim_...]
Compiling architecture structure of entity xil_defaultlib.\blk_mem_gen_0_blk_mem_gen_prim_width__parameterized69\ [\blk_mem_gen_0_blk_mem_gen_prim_...]
Compiling architecture structure of entity xil_defaultlib.\blk_mem_gen_0_blk_mem_gen_prim_wrapper__parameterized70\ [\blk_mem_gen_0_blk_mem_gen_prim_...]
Compiling architecture structure of entity xil_defaultlib.\blk_mem_gen_0_blk_mem_gen_prim_width__parameterized70\ [\blk_mem_gen_0_blk_mem_gen_prim_...]
Compiling architecture lut3_v of entity unisim.LUT3 [\LUT3(init="00010000")(0,7)\]
Compiling architecture structure of entity xil_defaultlib.\blk_mem_gen_0_blk_mem_gen_prim_wrapper__parameterized71\ [\blk_mem_gen_0_blk_mem_gen_prim_...]
Compiling architecture structure of entity xil_defaultlib.\blk_mem_gen_0_blk_mem_gen_prim_width__parameterized71\ [\blk_mem_gen_0_blk_mem_gen_prim_...]
Compiling architecture structure of entity xil_defaultlib.\blk_mem_gen_0_blk_mem_gen_prim_wrapper__parameterized72\ [\blk_mem_gen_0_blk_mem_gen_prim_...]
Compiling architecture structure of entity xil_defaultlib.\blk_mem_gen_0_blk_mem_gen_prim_width__parameterized72\ [\blk_mem_gen_0_blk_mem_gen_prim_...]
Compiling architecture structure of entity xil_defaultlib.\blk_mem_gen_0_blk_mem_gen_prim_wrapper__parameterized73\ [\blk_mem_gen_0_blk_mem_gen_prim_...]
Compiling architecture structure of entity xil_defaultlib.\blk_mem_gen_0_blk_mem_gen_prim_width__parameterized73\ [\blk_mem_gen_0_blk_mem_gen_prim_...]
Compiling architecture structure of entity xil_defaultlib.\blk_mem_gen_0_blk_mem_gen_prim_wrapper__parameterized74\ [\blk_mem_gen_0_blk_mem_gen_prim_...]
Compiling architecture structure of entity xil_defaultlib.\blk_mem_gen_0_blk_mem_gen_prim_width__parameterized74\ [\blk_mem_gen_0_blk_mem_gen_prim_...]
Compiling architecture structure of entity xil_defaultlib.\blk_mem_gen_0_blk_mem_gen_prim_wrapper__parameterized75\ [\blk_mem_gen_0_blk_mem_gen_prim_...]
Compiling architecture structure of entity xil_defaultlib.\blk_mem_gen_0_blk_mem_gen_prim_width__parameterized75\ [\blk_mem_gen_0_blk_mem_gen_prim_...]
Compiling architecture structure of entity xil_defaultlib.\blk_mem_gen_0_blk_mem_gen_prim_wrapper__parameterized76\ [\blk_mem_gen_0_blk_mem_gen_prim_...]
Compiling architecture structure of entity xil_defaultlib.\blk_mem_gen_0_blk_mem_gen_prim_width__parameterized76\ [\blk_mem_gen_0_blk_mem_gen_prim_...]
Compiling architecture structure of entity xil_defaultlib.\blk_mem_gen_0_blk_mem_gen_prim_wrapper__parameterized77\ [\blk_mem_gen_0_blk_mem_gen_prim_...]
Compiling architecture structure of entity xil_defaultlib.\blk_mem_gen_0_blk_mem_gen_prim_width__parameterized77\ [\blk_mem_gen_0_blk_mem_gen_prim_...]
Compiling architecture structure of entity xil_defaultlib.\blk_mem_gen_0_blk_mem_gen_prim_wrapper__parameterized78\ [\blk_mem_gen_0_blk_mem_gen_prim_...]
Compiling architecture structure of entity xil_defaultlib.\blk_mem_gen_0_blk_mem_gen_prim_width__parameterized78\ [\blk_mem_gen_0_blk_mem_gen_prim_...]
Compiling architecture structure of entity xil_defaultlib.\blk_mem_gen_0_blk_mem_gen_prim_wrapper__parameterized6\ [\blk_mem_gen_0_blk_mem_gen_prim_...]
Compiling architecture structure of entity xil_defaultlib.\blk_mem_gen_0_blk_mem_gen_prim_width__parameterized6\ [\blk_mem_gen_0_blk_mem_gen_prim_...]
Compiling architecture structure of entity xil_defaultlib.\blk_mem_gen_0_blk_mem_gen_prim_wrapper__parameterized79\ [\blk_mem_gen_0_blk_mem_gen_prim_...]
Compiling architecture structure of entity xil_defaultlib.\blk_mem_gen_0_blk_mem_gen_prim_width__parameterized79\ [\blk_mem_gen_0_blk_mem_gen_prim_...]
Compiling architecture structure of entity xil_defaultlib.\blk_mem_gen_0_blk_mem_gen_prim_wrapper__parameterized80\ [\blk_mem_gen_0_blk_mem_gen_prim_...]
Compiling architecture structure of entity xil_defaultlib.\blk_mem_gen_0_blk_mem_gen_prim_width__parameterized80\ [\blk_mem_gen_0_blk_mem_gen_prim_...]
Compiling architecture structure of entity xil_defaultlib.\blk_mem_gen_0_blk_mem_gen_prim_wrapper__parameterized81\ [\blk_mem_gen_0_blk_mem_gen_prim_...]
Compiling architecture structure of entity xil_defaultlib.\blk_mem_gen_0_blk_mem_gen_prim_width__parameterized81\ [\blk_mem_gen_0_blk_mem_gen_prim_...]
Compiling architecture structure of entity xil_defaultlib.\blk_mem_gen_0_blk_mem_gen_prim_wrapper__parameterized82\ [\blk_mem_gen_0_blk_mem_gen_prim_...]
Compiling architecture structure of entity xil_defaultlib.\blk_mem_gen_0_blk_mem_gen_prim_width__parameterized82\ [\blk_mem_gen_0_blk_mem_gen_prim_...]
Compiling architecture structure of entity xil_defaultlib.\blk_mem_gen_0_blk_mem_gen_prim_wrapper__parameterized83\ [\blk_mem_gen_0_blk_mem_gen_prim_...]
Compiling architecture structure of entity xil_defaultlib.\blk_mem_gen_0_blk_mem_gen_prim_width__parameterized83\ [\blk_mem_gen_0_blk_mem_gen_prim_...]
Compiling architecture structure of entity xil_defaultlib.\blk_mem_gen_0_blk_mem_gen_prim_wrapper__parameterized84\ [\blk_mem_gen_0_blk_mem_gen_prim_...]
Compiling architecture structure of entity xil_defaultlib.\blk_mem_gen_0_blk_mem_gen_prim_width__parameterized84\ [\blk_mem_gen_0_blk_mem_gen_prim_...]
Compiling architecture structure of entity xil_defaultlib.\blk_mem_gen_0_blk_mem_gen_prim_wrapper__parameterized85\ [\blk_mem_gen_0_blk_mem_gen_prim_...]
Compiling architecture structure of entity xil_defaultlib.\blk_mem_gen_0_blk_mem_gen_prim_width__parameterized85\ [\blk_mem_gen_0_blk_mem_gen_prim_...]
Compiling architecture structure of entity xil_defaultlib.\blk_mem_gen_0_blk_mem_gen_prim_wrapper__parameterized86\ [\blk_mem_gen_0_blk_mem_gen_prim_...]
Compiling architecture structure of entity xil_defaultlib.\blk_mem_gen_0_blk_mem_gen_prim_width__parameterized86\ [\blk_mem_gen_0_blk_mem_gen_prim_...]
Compiling architecture structure of entity xil_defaultlib.\blk_mem_gen_0_blk_mem_gen_prim_wrapper__parameterized87\ [\blk_mem_gen_0_blk_mem_gen_prim_...]
Compiling architecture structure of entity xil_defaultlib.\blk_mem_gen_0_blk_mem_gen_prim_width__parameterized87\ [\blk_mem_gen_0_blk_mem_gen_prim_...]
Compiling architecture structure of entity xil_defaultlib.\blk_mem_gen_0_blk_mem_gen_prim_wrapper__parameterized88\ [\blk_mem_gen_0_blk_mem_gen_prim_...]
Compiling architecture structure of entity xil_defaultlib.\blk_mem_gen_0_blk_mem_gen_prim_width__parameterized88\ [\blk_mem_gen_0_blk_mem_gen_prim_...]
Compiling architecture lut3_v of entity unisim.LUT3 [\LUT3(init="00000001")(0,7)\]
Compiling architecture structure of entity xil_defaultlib.\blk_mem_gen_0_blk_mem_gen_prim_wrapper__parameterized7\ [\blk_mem_gen_0_blk_mem_gen_prim_...]
Compiling architecture structure of entity xil_defaultlib.\blk_mem_gen_0_blk_mem_gen_prim_width__parameterized7\ [\blk_mem_gen_0_blk_mem_gen_prim_...]
Compiling architecture structure of entity xil_defaultlib.\blk_mem_gen_0_blk_mem_gen_prim_wrapper__parameterized89\ [\blk_mem_gen_0_blk_mem_gen_prim_...]
Compiling architecture structure of entity xil_defaultlib.\blk_mem_gen_0_blk_mem_gen_prim_width__parameterized89\ [\blk_mem_gen_0_blk_mem_gen_prim_...]
Compiling architecture structure of entity xil_defaultlib.\blk_mem_gen_0_blk_mem_gen_prim_wrapper__parameterized90\ [\blk_mem_gen_0_blk_mem_gen_prim_...]
Compiling architecture structure of entity xil_defaultlib.\blk_mem_gen_0_blk_mem_gen_prim_width__parameterized90\ [\blk_mem_gen_0_blk_mem_gen_prim_...]
Compiling architecture structure of entity xil_defaultlib.\blk_mem_gen_0_blk_mem_gen_prim_wrapper__parameterized91\ [\blk_mem_gen_0_blk_mem_gen_prim_...]
Compiling architecture structure of entity xil_defaultlib.\blk_mem_gen_0_blk_mem_gen_prim_width__parameterized91\ [\blk_mem_gen_0_blk_mem_gen_prim_...]
Compiling architecture structure of entity xil_defaultlib.\blk_mem_gen_0_blk_mem_gen_prim_wrapper__parameterized92\ [\blk_mem_gen_0_blk_mem_gen_prim_...]
Compiling architecture structure of entity xil_defaultlib.\blk_mem_gen_0_blk_mem_gen_prim_width__parameterized92\ [\blk_mem_gen_0_blk_mem_gen_prim_...]
Compiling architecture structure of entity xil_defaultlib.\blk_mem_gen_0_blk_mem_gen_prim_wrapper__parameterized93\ [\blk_mem_gen_0_blk_mem_gen_prim_...]
Compiling architecture structure of entity xil_defaultlib.\blk_mem_gen_0_blk_mem_gen_prim_width__parameterized93\ [\blk_mem_gen_0_blk_mem_gen_prim_...]
Compiling architecture structure of entity xil_defaultlib.\blk_mem_gen_0_blk_mem_gen_prim_wrapper__parameterized94\ [\blk_mem_gen_0_blk_mem_gen_prim_...]
Compiling architecture structure of entity xil_defaultlib.\blk_mem_gen_0_blk_mem_gen_prim_width__parameterized94\ [\blk_mem_gen_0_blk_mem_gen_prim_...]
Compiling architecture structure of entity xil_defaultlib.\blk_mem_gen_0_blk_mem_gen_prim_wrapper__parameterized95\ [\blk_mem_gen_0_blk_mem_gen_prim_...]
Compiling architecture structure of entity xil_defaultlib.\blk_mem_gen_0_blk_mem_gen_prim_width__parameterized95\ [\blk_mem_gen_0_blk_mem_gen_prim_...]
Compiling architecture structure of entity xil_defaultlib.\blk_mem_gen_0_blk_mem_gen_prim_wrapper__parameterized96\ [\blk_mem_gen_0_blk_mem_gen_prim_...]
Compiling architecture structure of entity xil_defaultlib.\blk_mem_gen_0_blk_mem_gen_prim_width__parameterized96\ [\blk_mem_gen_0_blk_mem_gen_prim_...]
Compiling architecture structure of entity xil_defaultlib.\blk_mem_gen_0_blk_mem_gen_prim_wrapper__parameterized97\ [\blk_mem_gen_0_blk_mem_gen_prim_...]
Compiling architecture structure of entity xil_defaultlib.\blk_mem_gen_0_blk_mem_gen_prim_width__parameterized97\ [\blk_mem_gen_0_blk_mem_gen_prim_...]
Compiling architecture structure of entity xil_defaultlib.\blk_mem_gen_0_blk_mem_gen_prim_wrapper__parameterized98\ [\blk_mem_gen_0_blk_mem_gen_prim_...]
Compiling architecture structure of entity xil_defaultlib.\blk_mem_gen_0_blk_mem_gen_prim_width__parameterized98\ [\blk_mem_gen_0_blk_mem_gen_prim_...]
Compiling architecture structure of entity xil_defaultlib.\blk_mem_gen_0_blk_mem_gen_prim_wrapper__parameterized8\ [\blk_mem_gen_0_blk_mem_gen_prim_...]
Compiling architecture structure of entity xil_defaultlib.\blk_mem_gen_0_blk_mem_gen_prim_width__parameterized8\ [\blk_mem_gen_0_blk_mem_gen_prim_...]
Compiling architecture structure of entity xil_defaultlib.blk_mem_gen_0_blk_mem_gen_generic_cstr [blk_mem_gen_0_blk_mem_gen_generi...]
Compiling architecture structure of entity xil_defaultlib.blk_mem_gen_0_blk_mem_gen_top [blk_mem_gen_0_blk_mem_gen_top_de...]
Compiling architecture structure of entity xil_defaultlib.blk_mem_gen_0_blk_mem_gen_v8_4_3_synth [blk_mem_gen_0_blk_mem_gen_v8_4_3...]
Compiling architecture structure of entity xil_defaultlib.blk_mem_gen_0_blk_mem_gen_v8_4_3 [blk_mem_gen_0_blk_mem_gen_v8_4_3...]
Compiling architecture structure of entity xil_defaultlib.blk_mem_gen_0 [blk_mem_gen_0_default]
Compiling architecture mine of entity xil_defaultlib.vga [vga_default]
Compiling architecture structure of entity xil_defaultlib.testbench
Built simulation snapshot testbench_behav
