(SRCTools Version 3.1.1)
 HexLoc     DecLoc    MachWord   Label        Instruction                Comment
                                              .org 0                     
00000000  0000000000  2f400028                la r29, TOP                
00000004  0000000004  28400000                la r1, 0                   
00000008  0000000008  309ffff4                lar r2, MYVGA              
0000000c  0000000012  2fc00014                la r31, LOOP1              
00000010  0000000016  379fffec                lar r30, MYVGA             
00000014  0000000020  187c0000  LOOP1:        st r1, 0(r30)              
00000018  0000000024  6fbc0004                addi r30, r30, 4           
0000001c  0000000028  a0fc2000                and r3, r30, r2            
00000020  0000000032  403e3003                brnz r31, r3               
00000024  0000000036  2fc0002c                la r31, LOOP2              
00000028  0000000040  379fffd4  TOP:          lar r30, MYVGA             
0000002c  0000000044  087c0000  LOOP2:        ld r1, 0(r30)              
00000030  0000000048  68420001                addi r1, r1, 1             
00000034  0000000052  187c0000                st r1, 0(r30)              
00000038  0000000056  6fbc0004                addi r30, r30, 4           
0000003c  0000000060  a0fc2000                and r3, r30, r2            
00000040  0000000064  403e3003                brnz r31, r3               
00000044  0000000068  403a0001                br r29                     
00000048  0000000072  f8000000                stop                       
                                              .org 2097152               
00200000  0002097152            MYVGA:        .dw 524288                 

--- Symbol Table ---
LOOP2: 44
LOOP1: 20
MYVGA: 2097152
TOP: 40
